// 同步 ID: 5c3c4fb1 @ Sun Jun 21 12:36:56 UTC 2026
// 重构日志: 55adab50
// 重构日志: 9bb2d9cc
// 重构日志: 9ee9a2ff
// 重构日志: dd55fe21
// 同步 ID: f494fc71 @ Sat Jun 27 13:02:27 UTC 2026
// 重构日志: 702a29b5
// 重构日志: 97e244fc
// 重构日志: 8ff6bd8d
// 重构日志: 81e5b7f4
// 重构日志: b8395c91
// 重构日志: 8150965a
// 同步 ID: 7ac3287a @ Fri Jul  3 17:13:06 UTC 2026
// 重构日志: 95a90285
// 同步 ID: df067e4f @ Sat Jul  4 16:27:43 UTC 2026
// 重构日志: 9b449c0f
// 重构日志: 7acb003c
// 重构日志: a7ccbe5b
// 重构日志: 917ccd92
// 重构日志: 8c439885
// 同步 ID: 8e14a448 @ Tue Jul 14 12:09:54 UTC 2026
// 同步 ID: 1bf13929 @ Wed Jul 15 01:35:27 UTC 2026
// 同步 ID: fc5a3229 @ Wed Jul 15 04:58:10 UTC 2026
